{
  "RSpec": {
    "coverage": {
      "/Users/admin/Projects/PairProgram/Wk4_bookmark_manager/bookmark_manager/spec/bookmark_spec.rb": {
        "lines": [
          1,
          null,
          1,
          null,
          1,
          1,
          1,
          1,
          null,
          null,
          null
        ]
      },
      "/Users/admin/Projects/PairProgram/Wk4_bookmark_manager/bookmark_manager/spec/features/infrastructure_spec.rb": {
        "lines": [
          1,
          null,
          1,
          1,
          1,
          1,
          null,
          null
        ]
      },
      "/Users/admin/Projects/PairProgram/Wk4_bookmark_manager/bookmark_manager/spec/features/viewing_bookmarks_spec.rb": {
        "lines": [
          1,
          null,
          1,
          1,
          1,
          1,
          1,
          null,
          null
        ]
      }
    },
    "timestamp": 1644858954
  }
}
